Running: {'num_pdm_iterations': 30, 'sirt_iterations': 40, 'num_grey_levels': 5, 'update_every': 5, 'phantom_type': 'ct', 'noise_type': None, 'num_angles': 100, 'detector_size_factor': 4, 'opt_method': 'Powell'}
create phantom for ct
Gererating CT-like phantom...
The grey level intensities for ct: 10
(100, 2048)
(147377, 1)
Iteration 1/30
Updated params - grey levels: [-0.00071341  0.03630816  0.46408424  0.48678428  0.50797249], thresholds: [0.13400393 0.24464537 0.31000533 0.49198944]
Iteration 2/30
Iteration 3/30
Iteration 4/30
Iteration 5/30
Iteration 6/30
Updated params - grey levels: [-3.77857261e-04  2.27458593e-01  3.16734091e-01  4.57950176e-01
  5.15694487e-01], thresholds: [0.12606645 2.83257433 0.30043363 0.49292935]
Iteration 7/30
Iteration 8/30
Iteration 9/30
Iteration 10/30
Iteration 11/30
Updated params - grey levels: [-3.77857261e-04  2.27458593e-01  3.16734091e-01  4.57950176e-01
  5.15694487e-01], thresholds: [0.11102654 2.83257433 0.30537333 0.48987401]
Iteration 12/30
Iteration 13/30
Iteration 14/30
Iteration 15/30
Iteration 16/30
Updated params - grey levels: [-3.77857261e-04  2.27458593e-01  3.16734091e-01  4.57950176e-01
  5.15694487e-01], thresholds: [0.13667808 2.83257433 0.28991185 0.49051923]
Iteration 17/30
Iteration 18/30
Iteration 19/30
Iteration 20/30
Iteration 21/30
Updated params - grey levels: [-3.77857261e-04  2.27458593e-01  3.16734091e-01  4.57950176e-01
  5.15694487e-01], thresholds: [0.11238112 2.83257433 0.30791933 0.48928443]
Iteration 22/30
Iteration 23/30
Iteration 24/30
Iteration 25/30
Iteration 26/30
Updated params - grey levels: [-3.77857261e-04  2.27458593e-01  3.16734091e-01  4.57950176e-01
  5.15694487e-01], thresholds: [0.13898525 2.83257433 0.30238921 0.48932393]
Iteration 27/30
Iteration 28/30
Iteration 29/30
Iteration 30/30
✅ Done: RNMP=0.0877
Running: {'num_pdm_iterations': 30, 'sirt_iterations': 40, 'num_grey_levels': 10, 'update_every': 5, 'phantom_type': 'ct', 'noise_type': None, 'num_angles': 100, 'detector_size_factor': 4, 'opt_method': 'Powell'}
create phantom for ct
Gererating CT-like phantom...
The grey level intensities for ct: 10
(100, 2048)
(147377, 1)
Iteration 1/30
Updated params - grey levels: [-1.66380598e-02 -1.54900686e-04  1.82918295e-03  8.21550828e-02
  9.84242003e-02  3.78507279e-01  4.75663035e-01  4.87197282e-01
  5.24824041e-01  5.27732575e-01], thresholds: [-4.18725797  2.63989345  2.70480201  0.12437608  0.25439493  0.28355108
  3.01981999  0.50033815  0.5123562 ]
Iteration 2/30
Iteration 3/30
Iteration 4/30
Iteration 5/30
Iteration 6/30
Updated params - grey levels: [-1.66380598e-02 -1.54900686e-04  1.82918295e-03  8.21550828e-02
  9.84242003e-02  3.78507279e-01  4.75663035e-01  4.87197282e-01
  5.24824041e-01  5.27732575e-01], thresholds: [-4.18725797  2.63989345  2.70480201  0.0984143   0.22348455  0.32047126
  3.01981999  0.50078019  0.52741664]
Iteration 7/30
Iteration 8/30
Iteration 9/30
Iteration 10/30
Iteration 11/30
Updated params - grey levels: [-1.66380598e-02 -1.54900686e-04  1.82918295e-03  8.21550828e-02
  9.84242003e-02  3.78507279e-01  4.75663035e-01  4.87197282e-01
  5.24824041e-01  5.27732575e-01], thresholds: [-4.18725797  2.63989345  2.70480201  0.09801227  0.26753755  0.30793344
  3.01981999  0.49999525  0.51837602]
Iteration 12/30
Iteration 13/30
Iteration 14/30
Iteration 15/30
Iteration 16/30
Updated params - grey levels: [-1.66380598e-02 -1.54900686e-04  1.82918295e-03  8.21550828e-02
  9.84242003e-02  3.78507279e-01  4.75663035e-01  4.87197282e-01
  5.24824041e-01  5.27732575e-01], thresholds: [-4.18725797  2.63989345  2.70480201  0.06732792  0.28496475  0.36286574
  3.01981999  0.50187331  0.51543408]
Iteration 17/30
Iteration 18/30
Iteration 19/30
Iteration 20/30
Iteration 21/30
Updated params - grey levels: [-1.66380598e-02 -1.54900686e-04  1.82918295e-03  8.21550828e-02
  9.84242003e-02  3.78507279e-01  4.75663035e-01  4.87197282e-01
  5.24824041e-01  5.27732575e-01], thresholds: [-4.18725797  2.63989345  2.70480201  0.08173322  0.29487565  0.34619068
  3.01981999  0.50088057  0.52757309]
Iteration 22/30
Iteration 23/30
Iteration 24/30
Iteration 25/30
Iteration 26/30
Updated params - grey levels: [-1.66380598e-02 -1.54900686e-04  1.82918295e-03  8.21550828e-02
  9.84242003e-02  3.78507279e-01  4.75663035e-01  4.87197282e-01
  5.24824041e-01  5.27732575e-01], thresholds: [-4.18725797  2.63989345  2.70480201  0.09188232  0.28350946  0.34362134
  3.01981999  0.49987798  0.523701  ]
Iteration 27/30
Iteration 28/30
Iteration 29/30
Iteration 30/30
✅ Done: RNMP=0.0870
Running: {'num_pdm_iterations': 30, 'sirt_iterations': 40, 'num_grey_levels': 15, 'update_every': 5, 'phantom_type': 'ct', 'noise_type': None, 'num_angles': 100, 'detector_size_factor': 4, 'opt_method': 'Powell'}
create phantom for ct
Gererating CT-like phantom...
The grey level intensities for ct: 10
(100, 2048)
(147377, 1)
Iteration 1/30
Updated params - grey levels: [-1.51374154e-02  6.11202335e-05  2.72071428e-03  3.10197446e-03
  5.37420755e-02  7.17702917e-02  1.14644437e-01  2.76177450e-01
  4.61406919e-01  4.99666463e-01  4.99827549e-01  5.07126264e-01
  5.07225232e-01  5.38480492e-01  5.53221398e-01], thresholds: [2.59897053 2.62504008 2.66241016 2.70526367 2.74381279 2.78100593
 2.83784643 0.20085698 2.95439059 2.99700107 3.03280946 3.0631083
 0.49899203 0.53551258]
Iteration 2/30
Iteration 3/30
Iteration 4/30
Iteration 5/30
Iteration 6/30
Updated params - grey levels: [-1.51374154e-02  6.11202335e-05  2.72071428e-03  3.10197446e-03
  5.37420755e-02  7.17702917e-02  1.14644437e-01  2.76177450e-01
  4.61406919e-01  4.99666463e-01  4.99827549e-01  5.07126264e-01
  5.07225232e-01  5.38480492e-01  5.53221398e-01], thresholds: [2.59897053 2.62504008 2.66241016 2.70526367 2.74381279 2.78100593
 2.83784643 0.15801199 2.95439059 2.99700107 3.03280946 3.0631083
 0.49858393 0.54931048]
Iteration 7/30
Iteration 8/30
Iteration 9/30
Iteration 10/30
Iteration 11/30
Updated params - grey levels: [-1.51374154e-02  6.11202335e-05  2.72071428e-03  3.10197446e-03
  5.37420755e-02  7.17702917e-02  1.14644437e-01  2.76177450e-01
  4.61406919e-01  4.99666463e-01  4.99827549e-01  5.07126264e-01
  5.07225232e-01  5.38480492e-01  5.53221398e-01], thresholds: [2.59897053 2.62504008 2.66241016 2.70526367 2.74381279 2.78100593
 2.83784643 0.07181422 2.95439059 2.99700107 3.03280946 3.0631083
 0.50219275 0.55278163]
Iteration 12/30
Iteration 13/30
Iteration 14/30
Iteration 15/30
Iteration 16/30
Updated params - grey levels: [-1.51374154e-02  6.11202335e-05  2.72071428e-03  3.10197446e-03
  5.37420755e-02  7.17702917e-02  1.14644437e-01  2.76177450e-01
  4.61406919e-01  4.99666463e-01  4.99827549e-01  5.07126264e-01
  5.07225232e-01  5.38480492e-01  5.53221398e-01], thresholds: [2.59897053 2.62504008 2.66241016 2.70526367 2.74381279 2.78100593
 2.83784643 0.12720213 2.95439059 2.99700107 3.03280946 3.0631083
 0.50094331 0.53871033]
Iteration 17/30
Iteration 18/30
Iteration 19/30
Iteration 20/30
Iteration 21/30
Updated params - grey levels: [-1.51374154e-02  6.11202335e-05  2.72071428e-03  3.10197446e-03
  5.37420755e-02  7.17702917e-02  1.14644437e-01  2.76177450e-01
  4.61406919e-01  4.99666463e-01  4.99827549e-01  5.07126264e-01
  5.07225232e-01  5.38480492e-01  5.53221398e-01], thresholds: [2.59897053 2.62504008 2.66241016 2.70526367 2.74381279 2.78100593
 2.83784643 0.06261818 2.95439059 2.99700107 3.03280946 3.0631083
 0.50226596 0.55248234]
Iteration 22/30
Iteration 23/30
Iteration 24/30
Iteration 25/30
Iteration 26/30
Updated params - grey levels: [-1.51374154e-02  6.11202335e-05  2.72071428e-03  3.10197446e-03
  5.37420755e-02  7.17702917e-02  1.14644437e-01  2.76177450e-01
  4.61406919e-01  4.99666463e-01  4.99827549e-01  5.07126264e-01
  5.07225232e-01  5.38480492e-01  5.53221398e-01], thresholds: [2.59897053 2.62504008 2.66241016 2.70526367 2.74381279 2.78100593
 2.83784643 0.11819351 2.95439059 2.99700107 3.03280946 3.0631083
 0.50049379 0.53870868]
Iteration 27/30
Iteration 28/30
Iteration 29/30
Iteration 30/30
✅ Done: RNMP=0.1023
